<?xml version="1.0" encoding="UTF-8"?>
<testsuite xmlns:xsi="http://www.w3.org/2001/XMLSchema-instance" xsi:noNamespaceSchemaLocation="https://maven.apache.org/surefire/maven-surefire-plugin/xsd/surefire-test-report.xsd" version="3.0.2" name="Cesar_semana2_DWF.ejercicio1.Ejercicio1ApplicationTests" time="2.189" tests="1" errors="0" skipped="0" failures="0">
  <properties>
[...]
</properties>
  <testcase name="contextLoads" classname="Cesar_semana2_DWF.ejercicio1.Ejercicio1ApplicationTests" time="0.534">
    <system-out><![CDATA[14:37:23.591 [main] INFO org.springframework.test.context.support.AnnotationConfigContextLoaderUtils -- Could not detect default configuration classes for test class [Cesar_semana2_DWF.ejercicio1.Ejercicio1ApplicationTests]: Ejercicio1ApplicationTests does not declare any static, non-private, non-final, nested classes annotated with @Configuration.
14:37:23.703 [main] INFO org.springframework.boot.test.context.SpringBootTestContextBootstrapper -- Found @SpringBootConfiguration Cesar_semana2_DWF.ejercicio1.Ejercicio1Application for test class Cesar_semana2_DWF.ejercicio1.Ejercicio1ApplicationTests

  .   ____          _            __ _ _
 /\\ / ___'_ __ _ _(_)_ __  __ _ \ \ \ \
( ( )\___ | '_ | '_| | '_ \/ _` | \ \ \ \
 \\/  ___)| |_)| | | | | || (_| |  ) ) ) )
  '  |____| .__|_| |_|_| |_\__, | / / / /
 =========|_|==============|___/=/_/_/_/

 :: Spring Boot ::                (v3.5.3)

2025-07-05T14:37:24.115-06:00  INFO 9368 --- [ejercicio1] [           main] C.ejercicio1.Ejercicio1ApplicationTests  : Starting Ejercicio1ApplicationTests using Java 21.0.6 with PID 9368 (started by usuario in C:\Users\usuario\Desktop\ejercicio1)
2025-07-05T14:37:24.116-06:00  INFO 9368 --- [ejercicio1] [           main] C.ejercicio1.Ejercicio1ApplicationTests  : No active profile set, falling back to 1 default profile: "default"
2025-07-05T14:37:25.107-06:00  INFO 9368 --- [ejercicio1] [           main] C.ejercicio1.Ejercicio1ApplicationTests  : Started Ejercicio1ApplicationTests in 1.263 seconds (process running for 2.141)
]]></system-out>
    <system-err><![CDATA[Mockito is currently self-attaching to enable the inline-mock-maker. This will no longer work in future releases of the JDK. Please add Mockito as an agent to your build as described in Mockito's documentation: https://javadoc.io/doc/org.mockito/mockito-core/latest/org.mockito/org/mockito/Mockito.html#0.3
WARNING: A Java agent has been loaded dynamically (C:\Users\usuario\.m2\repository\net\bytebuddy\byte-buddy-agent\1.17.6\byte-buddy-agent-1.17.6.jar)
WARNING: If a serviceability tool is in use, please run with -XX:+EnableDynamicAgentLoading to hide this warning
WARNING: If a serviceability tool is not in use, please run with -Djdk.instrument.traceUsage for more information
WARNING: Dynamic loading of agents will be disallowed by default in a future release
]]></system-err>
  </testcase>
</testsuite>